2022-09-20 12:15:10,910 [INFO] Activator:177 - 


2022-09-20 12:15:10,910 [INFO] Activator:178 - !SESSION log4j initialized
2022-09-20 12:15:40,629 [ERROR] LogOutputStream:74 - [STDERR_REDIRECT] SLF4J: Failed to load class "org.slf4j.impl.StaticLoggerBinder".
2022-09-20 12:15:40,636 [ERROR] LogOutputStream:74 - [STDERR_REDIRECT] SLF4J: Defaulting to no-operation (NOP) logger implementation
2022-09-20 12:15:40,640 [ERROR] LogOutputStream:74 - [STDERR_REDIRECT] SLF4J: See http://www.slf4j.org/codes.html#StaticLoggerBinder for further details.
2022-09-20 12:17:50,342 [INFO] McuFinderGlobals:44 - Set McuFinder mode to 2 (CubeIDE integrated)
2022-09-20 12:17:50,561 [INFO] ApplicationProperties:181 - Using Application install path: C:\appz\ST\STM32CubeIDE_1.10.1\STM32CubeIDE\plugins\com.st.stm32cube.common.mx_6.6.1.202207061420
2022-09-20 12:17:50,577 [INFO] DbMcusXml:77 - Set database path to: C:\appz\ST\STM32CubeIDE_1.10.1\STM32CubeIDE\plugins\com.st.stm32cube.common.mx_6.6.1.202207061420\\db\/mcu/
2022-09-20 12:17:50,577 [INFO] ApiDb:269 - Set plugin database path to: C:\appz\ST\STM32CubeIDE_1.10.1\STM32CubeIDE\plugins\com.st.stm32cube.common.mx_6.6.1.202207061420\\db\/plugins/boardmanager/
2022-09-20 12:17:50,577 [WARN] ApiDb:254 - Overriding images path with different value:  => C:\appz\ST\STM32CubeIDE_1.10.1\STM32CubeIDE\plugins\com.st.stm32cube.common.mx_6.6.1.202207061420\\db\/plugins/mcufinder/images/
2022-09-20 12:17:52,811 [ERROR] ApiFinderProperties:228 - Failed to read file additional_hw_images/X-NUCLEO-S2915A1.jpg: C:\Users\xpodan00\.stmcufinder\plugins\mcufinder\mcu\additional_hw_images\X-NUCLEO-S2915A1.jpg (The system cannot find the path specified)
2022-09-20 12:17:52,811 [ERROR] ApiFinderProperties:228 - Failed to read file additional_hw_images/X-NUCLEO-S2868A2.jpg: C:\Users\xpodan00\.stmcufinder\plugins\mcufinder\mcu\additional_hw_images\X-NUCLEO-S2868A2.jpg (The system cannot find the path specified)
2022-09-20 12:17:52,811 [ERROR] ApiFinderProperties:228 - Failed to read file additional_hw_images/X-NUCLEO-S2868A1.jpg: C:\Users\xpodan00\.stmcufinder\plugins\mcufinder\mcu\additional_hw_images\X-NUCLEO-S2868A1.jpg (The system cannot find the path specified)
2022-09-20 12:17:52,811 [ERROR] ApiFinderProperties:228 - Failed to read file additional_hw_images/X-NUCLEO-NFC07A1.jpg: C:\Users\xpodan00\.stmcufinder\plugins\mcufinder\mcu\additional_hw_images\X-NUCLEO-NFC07A1.jpg (The system cannot find the path specified)
2022-09-20 12:17:52,827 [ERROR] ApiFinderProperties:228 - Failed to read file additional_hw_images/X-NUCLEO-NFC04A1.jpg: C:\Users\xpodan00\.stmcufinder\plugins\mcufinder\mcu\additional_hw_images\X-NUCLEO-NFC04A1.jpg (The system cannot find the path specified)
2022-09-20 12:17:52,827 [ERROR] ApiFinderProperties:228 - Failed to read file additional_hw_images/X-NUCLEO-IKS02A1.jpg: C:\Users\xpodan00\.stmcufinder\plugins\mcufinder\mcu\additional_hw_images\X-NUCLEO-IKS02A1.jpg (The system cannot find the path specified)
2022-09-20 12:17:52,827 [ERROR] ApiFinderProperties:228 - Failed to read file additional_hw_images/X-NUCLEO-IKS01A3.jpg: C:\Users\xpodan00\.stmcufinder\plugins\mcufinder\mcu\additional_hw_images\X-NUCLEO-IKS01A3.jpg (The system cannot find the path specified)
2022-09-20 12:17:52,842 [ERROR] ApiFinderProperties:228 - Failed to read file additional_hw_images/X-NUCLEO-IKS01A2.jpg: C:\Users\xpodan00\.stmcufinder\plugins\mcufinder\mcu\additional_hw_images\X-NUCLEO-IKS01A2.jpg (The system cannot find the path specified)
2022-09-20 12:17:52,842 [ERROR] ApiFinderProperties:228 - Failed to read file additional_hw_images/X-NUCLEO-IDB05A2.jpg: C:\Users\xpodan00\.stmcufinder\plugins\mcufinder\mcu\additional_hw_images\X-NUCLEO-IDB05A2.jpg (The system cannot find the path specified)
2022-09-20 12:17:52,858 [ERROR] ApiFinderProperties:228 - Failed to read file additional_hw_images/X-NUCLEO-GNSS1A1.jpg: C:\Users\xpodan00\.stmcufinder\plugins\mcufinder\mcu\additional_hw_images\X-NUCLEO-GNSS1A1.jpg (The system cannot find the path specified)
2022-09-20 12:17:52,858 [ERROR] ApiFinderProperties:228 - Failed to read file additional_hw_images/X-NUCLEO-EEPRMA2.jpg: C:\Users\xpodan00\.stmcufinder\plugins\mcufinder\mcu\additional_hw_images\X-NUCLEO-EEPRMA2.jpg (The system cannot find the path specified)
2022-09-20 12:17:52,858 [ERROR] ApiFinderProperties:228 - Failed to read file additional_hw_images/X-NUCLEO-EEPRMA1.jpg: C:\Users\xpodan00\.stmcufinder\plugins\mcufinder\mcu\additional_hw_images\X-NUCLEO-EEPRMA1.jpg (The system cannot find the path specified)
2022-09-20 12:17:52,858 [ERROR] ApiFinderProperties:228 - Failed to read file additional_hw_images/X-NUCLEO-BNRG2A1.jpg: C:\Users\xpodan00\.stmcufinder\plugins\mcufinder\mcu\additional_hw_images\X-NUCLEO-BNRG2A1.jpg (The system cannot find the path specified)
2022-09-20 12:17:52,858 [ERROR] ApiFinderProperties:228 - Failed to read file additional_hw_images/X-NUCLEO-6283A1.jpg: C:\Users\xpodan00\.stmcufinder\plugins\mcufinder\mcu\additional_hw_images\X-NUCLEO-6283A1.jpg (The system cannot find the path specified)
2022-09-20 12:17:52,873 [ERROR] ApiFinderProperties:228 - Failed to read file additional_hw_images/VD6283TX.jpg: C:\Users\xpodan00\.stmcufinder\plugins\mcufinder\mcu\additional_hw_images\VD6283TX.jpg (The system cannot find the path specified)
2022-09-20 12:17:52,873 [ERROR] ApiFinderProperties:228 - Failed to read file additional_hw_images/Teseo-LIV3F.jpg: C:\Users\xpodan00\.stmcufinder\plugins\mcufinder\mcu\additional_hw_images\Teseo-LIV3F.jpg (The system cannot find the path specified)
2022-09-20 12:17:52,873 [ERROR] ApiFinderProperties:228 - Failed to read file additional_hw_images/STTS751.jpg: C:\Users\xpodan00\.stmcufinder\plugins\mcufinder\mcu\additional_hw_images\STTS751.jpg (The system cannot find the path specified)
2022-09-20 12:17:52,873 [ERROR] ApiFinderProperties:228 - Failed to read file additional_hw_images/STEVAL-MKI209V1K.jpg: C:\Users\xpodan00\.stmcufinder\plugins\mcufinder\mcu\additional_hw_images\STEVAL-MKI209V1K.jpg (The system cannot find the path specified)
2022-09-20 12:17:52,873 [ERROR] ApiFinderProperties:228 - Failed to read file additional_hw_images/ST25DV64KC.jpg: C:\Users\xpodan00\.stmcufinder\plugins\mcufinder\mcu\additional_hw_images\ST25DV64KC.jpg (The system cannot find the path specified)
2022-09-20 12:17:52,873 [ERROR] ApiFinderProperties:228 - Failed to read file additional_hw_images/ST25DV04K.jpg: C:\Users\xpodan00\.stmcufinder\plugins\mcufinder\mcu\additional_hw_images\ST25DV04K.jpg (The system cannot find the path specified)
2022-09-20 12:17:52,873 [ERROR] ApiFinderProperties:228 - Failed to read file additional_hw_images/S2-LP.jpg: C:\Users\xpodan00\.stmcufinder\plugins\mcufinder\mcu\additional_hw_images\S2-LP.jpg (The system cannot find the path specified)
2022-09-20 12:17:52,873 [ERROR] ApiFinderProperties:228 - Failed to read file additional_hw_images/M95M04-DR.jpg: C:\Users\xpodan00\.stmcufinder\plugins\mcufinder\mcu\additional_hw_images\M95M04-DR.jpg (The system cannot find the path specified)
2022-09-20 12:17:52,873 [ERROR] ApiFinderProperties:228 - Failed to read file additional_hw_images/M95M01-DF.jpg: C:\Users\xpodan00\.stmcufinder\plugins\mcufinder\mcu\additional_hw_images\M95M01-DF.jpg (The system cannot find the path specified)
2022-09-20 12:17:52,873 [ERROR] ApiFinderProperties:228 - Failed to read file additional_hw_images/M95256-DF.jpg: C:\Users\xpodan00\.stmcufinder\plugins\mcufinder\mcu\additional_hw_images\M95256-DF.jpg (The system cannot find the path specified)
2022-09-20 12:17:52,873 [ERROR] ApiFinderProperties:228 - Failed to read file additional_hw_images/M95040-R.jpg: C:\Users\xpodan00\.stmcufinder\plugins\mcufinder\mcu\additional_hw_images\M95040-R.jpg (The system cannot find the path specified)
2022-09-20 12:17:52,873 [ERROR] ApiFinderProperties:228 - Failed to read file additional_hw_images/M24M01-DF.jpg: C:\Users\xpodan00\.stmcufinder\plugins\mcufinder\mcu\additional_hw_images\M24M01-DF.jpg (The system cannot find the path specified)
2022-09-20 12:17:52,873 [ERROR] ApiFinderProperties:228 - Failed to read file additional_hw_images/M24C02-F.jpg: C:\Users\xpodan00\.stmcufinder\plugins\mcufinder\mcu\additional_hw_images\M24C02-F.jpg (The system cannot find the path specified)
2022-09-20 12:17:52,873 [ERROR] ApiFinderProperties:228 - Failed to read file additional_hw_images/M24256-DF.jpg: C:\Users\xpodan00\.stmcufinder\plugins\mcufinder\mcu\additional_hw_images\M24256-DF.jpg (The system cannot find the path specified)
2022-09-20 12:17:52,873 [ERROR] ApiFinderProperties:228 - Failed to read file additional_hw_images/LSM6DSO.jpg: C:\Users\xpodan00\.stmcufinder\plugins\mcufinder\mcu\additional_hw_images\LSM6DSO.jpg (The system cannot find the path specified)
2022-09-20 12:17:52,889 [ERROR] ApiFinderProperties:228 - Failed to read file additional_hw_images/LSM6DSL.jpg: C:\Users\xpodan00\.stmcufinder\plugins\mcufinder\mcu\additional_hw_images\LSM6DSL.jpg (The system cannot find the path specified)
2022-09-20 12:17:52,889 [ERROR] ApiFinderProperties:228 - Failed to read file additional_hw_images/LSM303AGR.jpg: C:\Users\xpodan00\.stmcufinder\plugins\mcufinder\mcu\additional_hw_images\LSM303AGR.jpg (The system cannot find the path specified)
2022-09-20 12:17:52,889 [ERROR] ApiFinderProperties:228 - Failed to read file additional_hw_images/LPS22HH.jpg: C:\Users\xpodan00\.stmcufinder\plugins\mcufinder\mcu\additional_hw_images\LPS22HH.jpg (The system cannot find the path specified)
2022-09-20 12:17:52,889 [ERROR] ApiFinderProperties:228 - Failed to read file additional_hw_images/LPS22HB.jpg: C:\Users\xpodan00\.stmcufinder\plugins\mcufinder\mcu\additional_hw_images\LPS22HB.jpg (The system cannot find the path specified)
2022-09-20 12:17:52,889 [ERROR] ApiFinderProperties:228 - Failed to read file additional_hw_images/LIS2MDL.jpg: C:\Users\xpodan00\.stmcufinder\plugins\mcufinder\mcu\additional_hw_images\LIS2MDL.jpg (The system cannot find the path specified)
2022-09-20 12:17:52,889 [ERROR] ApiFinderProperties:228 - Failed to read file additional_hw_images/LIS2DW12.jpg: C:\Users\xpodan00\.stmcufinder\plugins\mcufinder\mcu\additional_hw_images\LIS2DW12.jpg (The system cannot find the path specified)
2022-09-20 12:17:52,889 [ERROR] ApiFinderProperties:228 - Failed to read file additional_hw_images/ISM330DHCX.jpg: C:\Users\xpodan00\.stmcufinder\plugins\mcufinder\mcu\additional_hw_images\ISM330DHCX.jpg (The system cannot find the path specified)
2022-09-20 12:17:52,889 [ERROR] ApiFinderProperties:228 - Failed to read file additional_hw_images/IMP34DT05.jpg: C:\Users\xpodan00\.stmcufinder\plugins\mcufinder\mcu\additional_hw_images\IMP34DT05.jpg (The system cannot find the path specified)
2022-09-20 12:17:52,889 [ERROR] ApiFinderProperties:228 - Failed to read file additional_hw_images/IIS2MDC.jpg: C:\Users\xpodan00\.stmcufinder\plugins\mcufinder\mcu\additional_hw_images\IIS2MDC.jpg (The system cannot find the path specified)
2022-09-20 12:17:52,905 [ERROR] ApiFinderProperties:228 - Failed to read file additional_hw_images/IIS2ICLX.jpg: C:\Users\xpodan00\.stmcufinder\plugins\mcufinder\mcu\additional_hw_images\IIS2ICLX.jpg (The system cannot find the path specified)
2022-09-20 12:17:52,905 [ERROR] ApiFinderProperties:228 - Failed to read file additional_hw_images/IIS2DLPC.jpg: C:\Users\xpodan00\.stmcufinder\plugins\mcufinder\mcu\additional_hw_images\IIS2DLPC.jpg (The system cannot find the path specified)
2022-09-20 12:17:52,905 [ERROR] ApiFinderProperties:228 - Failed to read file additional_hw_images/HTS221.jpg: C:\Users\xpodan00\.stmcufinder\plugins\mcufinder\mcu\additional_hw_images\HTS221.jpg (The system cannot find the path specified)
2022-09-20 12:17:52,905 [ERROR] ApiFinderProperties:228 - Failed to read file additional_hw_images/BlueNRG-M2SP.jpg: C:\Users\xpodan00\.stmcufinder\plugins\mcufinder\mcu\additional_hw_images\BlueNRG-M2SP.jpg (The system cannot find the path specified)
2022-09-20 12:17:52,905 [ERROR] ApiFinderProperties:228 - Failed to read file additional_hw_images/BlueNRG-M0.jpg: C:\Users\xpodan00\.stmcufinder\plugins\mcufinder\mcu\additional_hw_images\BlueNRG-M0.jpg (The system cannot find the path specified)
2022-09-20 12:17:52,998 [WARN] ApiFinderProperties:110 - C:\Users\xpodan00\.stmcufinder\plugins\mcufinder\mcu\mcuFinder.mfd doesn't exist
2022-09-20 12:17:52,998 [INFO] ApiDb:249 - Set database path to: C:\Users\xpodan00\.stmcufinder\plugins\mcufinder//mcu/
2022-09-20 12:17:52,998 [INFO] DbMcusAds:124 - Set database path to: C:\Users\xpodan00\.stmcufinder\plugins\mcufinder//mcu/
2022-09-20 12:17:52,998 [INFO] CrossReferenceDbSqlite:201 - Set database path to: C:\Users\xpodan00\.stmcufinder\plugins\mcufinder//mcu/cs/
2022-09-20 12:17:53,123 [INFO] RulesReader:61 - Compatibility file has been processed (282 Rules)
2022-09-20 12:17:53,233 [INFO] DbMcusXml:77 - Set database path to: C:\appz\ST\STM32CubeIDE_1.10.1\STM32CubeIDE\plugins\com.st.stm32cube.common.mx_6.6.1.202207061420\\db\/mcu/
2022-09-20 12:17:53,233 [INFO] ApiDb:269 - Set plugin database path to: C:\appz\ST\STM32CubeIDE_1.10.1\STM32CubeIDE\plugins\com.st.stm32cube.common.mx_6.6.1.202207061420\\db\/plugins/boardmanager/
2022-09-20 12:17:53,233 [INFO] ApiDb:256 - Set plugin images path to: C:\appz\ST\STM32CubeIDE_1.10.1\STM32CubeIDE\plugins\com.st.stm32cube.common.mx_6.6.1.202207061420\\db\/plugins/mcufinder/images/
2022-09-20 12:17:53,233 [WARN] DbFile:40 - Overriding database path with different value: C:\Users\xpodan00\.stmcufinder\plugins\mcufinder/ => C:\Users\xpodan00\.stmcufinder\plugins\mcufinder
2022-09-20 12:17:53,233 [INFO] ApiDb:249 - Set database path to: C:\Users\xpodan00\.stmcufinder\plugins\mcufinder//mcu/
2022-09-20 12:17:53,233 [WARN] DbFile:40 - Overriding database path with different value: C:\Users\xpodan00\.stmcufinder\plugins\mcufinder/ => C:\Users\xpodan00\.stmcufinder\plugins\mcufinder
2022-09-20 12:17:53,233 [INFO] DbMcusAds:124 - Set database path to: C:\Users\xpodan00\.stmcufinder\plugins\mcufinder//mcu/
2022-09-20 12:17:53,233 [WARN] DbFile:40 - Overriding database path with different value: C:\Users\xpodan00\.stmcufinder\plugins\mcufinder/ => C:\Users\xpodan00\.stmcufinder\plugins\mcufinder
2022-09-20 12:17:53,233 [WARN] DbFile:40 - Overriding database path with different value: C:\Users\xpodan00\.stmcufinder\plugins\mcufinder/ => C:\Users\xpodan00\.stmcufinder\plugins\mcufinder
2022-09-20 12:17:53,233 [INFO] CrossReferenceDbSqlite:201 - Set database path to: C:\Users\xpodan00\.stmcufinder\plugins\mcufinder//mcu/cs/
2022-09-20 12:17:53,327 [INFO] MainPanel:242 - HeapMemory: 393216000
2022-09-20 12:17:53,483 [INFO] DbMcusXml:77 - Set database path to: C:\appz\ST\STM32CubeIDE_1.10.1\STM32CubeIDE\plugins\com.st.stm32cube.common.mx_6.6.1.202207061420\\db\/mcu/
2022-09-20 12:17:53,483 [INFO] ApiDb:269 - Set plugin database path to: C:\appz\ST\STM32CubeIDE_1.10.1\STM32CubeIDE\plugins\com.st.stm32cube.common.mx_6.6.1.202207061420\\db\/plugins/boardmanager/
2022-09-20 12:17:53,483 [INFO] ApiDb:256 - Set plugin images path to: C:\appz\ST\STM32CubeIDE_1.10.1\STM32CubeIDE\plugins\com.st.stm32cube.common.mx_6.6.1.202207061420\\db\/plugins/mcufinder/images/
2022-09-20 12:17:53,483 [WARN] DbFile:40 - Overriding database path with different value: C:\Users\xpodan00\.stmcufinder\plugins\mcufinder/ => C:\Users\xpodan00\.stmcufinder\plugins\mcufinder
2022-09-20 12:17:53,483 [INFO] ApiDb:249 - Set database path to: C:\Users\xpodan00\.stmcufinder\plugins\mcufinder//mcu/
2022-09-20 12:17:53,483 [WARN] DbFile:40 - Overriding database path with different value: C:\Users\xpodan00\.stmcufinder\plugins\mcufinder/ => C:\Users\xpodan00\.stmcufinder\plugins\mcufinder
2022-09-20 12:17:53,483 [INFO] DbMcusAds:124 - Set database path to: C:\Users\xpodan00\.stmcufinder\plugins\mcufinder//mcu/
2022-09-20 12:17:53,483 [WARN] DbFile:40 - Overriding database path with different value: C:\Users\xpodan00\.stmcufinder\plugins\mcufinder/ => C:\Users\xpodan00\.stmcufinder\plugins\mcufinder
2022-09-20 12:17:53,483 [WARN] DbFile:40 - Overriding database path with different value: C:\Users\xpodan00\.stmcufinder\plugins\mcufinder/ => C:\Users\xpodan00\.stmcufinder\plugins\mcufinder
2022-09-20 12:17:53,483 [INFO] CrossReferenceDbSqlite:201 - Set database path to: C:\Users\xpodan00\.stmcufinder\plugins\mcufinder//mcu/cs/
2022-09-20 12:17:53,514 [INFO] ApplicationProperties:181 - Using Application install path: C:\appz\ST\STM32CubeIDE_1.10.1\STM32CubeIDE\plugins\com.st.stm32cube.common.mx_6.6.1.202207061420
2022-09-20 12:17:53,514 [INFO] PluginManage:193 - Search for loadable plugins [exclusion list=, ]
2022-09-20 12:17:53,514 [INFO] PluginManage:307 - Check plugin analytics
2022-09-20 12:17:53,740 [INFO] AnalyticsPlugin:262 - Accepted Software Licenses: 
2022-09-20 12:17:53,741 [INFO] AnalyticsPlugin:264 - Accepted CMSIS Pack Licenses: 
2022-09-20 12:17:53,742 [INFO] AnalyticsPlugin:266 - Accepted Firmware Licenses: 
2022-09-20 12:17:53,753 [INFO] PluginManage:356 - Loaded plugin analytics (category:tool,tabindex:-1)
2022-09-20 12:17:53,753 [INFO] PluginManage:307 - Check plugin cadmodel
2022-09-20 12:17:53,755 [INFO] CADModel:65 - Init CAD model plugin
2022-09-20 12:17:53,755 [INFO] PluginManage:356 - Loaded plugin cadmodel (category:power,tabindex:5)
2022-09-20 12:17:53,755 [INFO] PluginManage:307 - Check plugin clock
2022-09-20 12:17:53,771 [INFO] PluginManage:356 - Loaded plugin clock (category:base,tabindex:2)
2022-09-20 12:17:53,771 [INFO] PluginManage:307 - Check plugin ddr
2022-09-20 12:17:53,771 [INFO] PluginManage:356 - Loaded plugin ddr (category:tool,tabindex:6)
2022-09-20 12:17:53,771 [INFO] PluginManage:307 - Check plugin filemanager
2022-09-20 12:17:53,974 [INFO] PluginManage:356 - Loaded plugin filemanager (category:base,tabindex:10)
2022-09-20 12:17:53,990 [INFO] PluginManage:307 - Check plugin ipmanager
2022-09-20 12:17:54,005 [INFO] PluginManage:356 - Loaded plugin ipmanager (category:base,tabindex:5)
2022-09-20 12:17:54,005 [INFO] PluginManage:307 - Check plugin lpbam
2022-09-20 12:17:54,025 [INFO] PluginManage:356 - Loaded plugin lpbam (category:base,tabindex:0)
2022-09-20 12:17:54,026 [INFO] PluginManage:307 - Check plugin pinoutandconfiguration
2022-09-20 12:17:54,028 [INFO] PluginManage:356 - Loaded plugin pinoutandconfiguration (category:base,tabindex:1)
2022-09-20 12:17:54,028 [INFO] PluginManage:307 - Check plugin pinoutconfig
2022-09-20 12:17:54,075 [INFO] PluginManage:356 - Loaded plugin pinoutconfig (category:base,tabindex:0)
2022-09-20 12:17:54,075 [INFO] PluginManage:307 - Check plugin power
2022-09-20 12:17:54,090 [INFO] PluginManage:356 - Loaded plugin power (category:power,tabindex:4)
2022-09-20 12:17:54,090 [INFO] PluginManage:307 - Check plugin projectmanager
2022-09-20 12:17:54,121 [INFO] PluginManage:356 - Loaded plugin projectmanager (category:projectmanager,tabindex:3)
2022-09-20 12:17:54,121 [INFO] PluginManage:307 - Check plugin thirdparty
2022-09-20 12:17:54,309 [INFO] PluginManage:356 - Loaded plugin thirdparty (category:base,tabindex:-1)
2022-09-20 12:17:54,309 [INFO] PluginManage:307 - Check plugin tools
2022-09-20 12:17:54,309 [INFO] PluginManage:356 - Loaded plugin tools (category:base,tabindex:7)
2022-09-20 12:17:54,309 [INFO] PluginManage:307 - Check plugin tutovideos
2022-09-20 12:17:54,325 [WARN] IntegrityCheckThread:82 - waiting for thirdparty lock release [integrity check]
2022-09-20 12:17:54,325 [INFO] IntegrityCheckThread:84 - entering critical section [integrity check]
2022-09-20 12:17:54,325 [INFO] ThirdPartyUpdaterWithRetryManager:70 - Updater plugin not ready yet. [1/15]
2022-09-20 12:17:54,591 [INFO] PluginManage:356 - Loaded plugin tutovideos (category:base,tabindex:-1)
2022-09-20 12:17:54,591 [INFO] PluginManage:307 - Check plugin updater
2022-09-20 12:17:54,622 [INFO] PluginManage:356 - Loaded plugin updater (category:base,tabindex:12)
2022-09-20 12:17:54,622 [INFO] PluginManage:280 - PluginManage : Loaded plugins [15]
2022-09-20 12:17:54,919 [INFO] PinOutPanel:1468 - setPackage(No Configuration,No Configuration)
2022-09-20 12:17:54,982 [INFO] CADModel:98 - CPN selected for project level
2022-09-20 12:17:54,997 [INFO] IPUIPlugin:79 - create IPUIPlugin
2022-09-20 12:17:54,997 [INFO] PluginManager:217 - loadIPPluginJar : add adc
2022-09-20 12:17:55,013 [INFO] IPUIPlugin:79 - create IPUIPlugin
2022-09-20 12:17:55,013 [INFO] PluginManager:217 - loadIPPluginJar : add aes
2022-09-20 12:17:55,013 [INFO] IPUIPlugin:79 - create IPUIPlugin
2022-09-20 12:17:55,013 [INFO] PluginManager:217 - loadIPPluginJar : add can
2022-09-20 12:17:55,013 [INFO] IPUIPlugin:79 - create IPUIPlugin
2022-09-20 12:17:55,013 [INFO] PluginManager:217 - loadIPPluginJar : add comp
2022-09-20 12:17:55,013 [INFO] IPUIPlugin:79 - create IPUIPlugin
2022-09-20 12:17:55,013 [INFO] PluginManager:217 - loadIPPluginJar : add cryp
2022-09-20 12:17:55,013 [INFO] IPUIPlugin:79 - create IPUIPlugin
2022-09-20 12:17:55,013 [INFO] PluginManager:217 - loadIPPluginJar : add dfsdm
2022-09-20 12:17:55,029 [INFO] IPUIPlugin:79 - create IPUIPlugin
2022-09-20 12:17:55,029 [INFO] PluginManager:217 - loadIPPluginJar : add dma
2022-09-20 12:17:55,029 [INFO] IPUIPlugin:79 - create IPUIPlugin
2022-09-20 12:17:55,029 [INFO] PluginManager:217 - loadIPPluginJar : add dma3
2022-09-20 12:17:55,029 [INFO] IPUIPlugin:79 - create IPUIPlugin
2022-09-20 12:17:55,029 [INFO] PluginManager:217 - loadIPPluginJar : add fatfs
2022-09-20 12:17:55,044 [INFO] IPUIPlugin:79 - create IPUIPlugin
2022-09-20 12:17:55,044 [INFO] PluginManager:217 - loadIPPluginJar : add fmc
2022-09-20 12:17:55,044 [INFO] IPUIPlugin:79 - create IPUIPlugin
2022-09-20 12:17:55,044 [INFO] PluginManager:217 - loadIPPluginJar : add freertos
2022-09-20 12:17:55,044 [INFO] IPUIPlugin:79 - create IPUIPlugin
2022-09-20 12:17:55,044 [INFO] PluginManager:217 - loadIPPluginJar : add genericplugin
2022-09-20 12:17:55,044 [INFO] IPUIPlugin:79 - create IPUIPlugin
2022-09-20 12:17:55,044 [INFO] PluginManager:217 - loadIPPluginJar : add gfxmmu
2022-09-20 12:17:55,060 [INFO] IPUIPlugin:79 - create IPUIPlugin
2022-09-20 12:17:55,060 [INFO] PluginManager:217 - loadIPPluginJar : add gic
2022-09-20 12:17:55,060 [INFO] IPUIPlugin:79 - create IPUIPlugin
2022-09-20 12:17:55,060 [INFO] PluginManager:217 - loadIPPluginJar : add gpio
2022-09-20 12:17:55,060 [INFO] IPUIPlugin:79 - create IPUIPlugin
2022-09-20 12:17:55,060 [INFO] PluginManager:217 - loadIPPluginJar : add gtzc
2022-09-20 12:17:55,060 [INFO] IPUIPlugin:79 - create IPUIPlugin
2022-09-20 12:17:55,060 [INFO] PluginManager:217 - loadIPPluginJar : add hash
2022-09-20 12:17:55,060 [INFO] IPUIPlugin:79 - create IPUIPlugin
2022-09-20 12:17:55,060 [INFO] PluginManager:217 - loadIPPluginJar : add i2c
2022-09-20 12:17:55,076 [INFO] IPUIPlugin:79 - create IPUIPlugin
2022-09-20 12:17:55,076 [INFO] PluginManager:217 - loadIPPluginJar : add i2s
2022-09-20 12:17:55,076 [INFO] IPUIPlugin:79 - create IPUIPlugin
2022-09-20 12:17:55,076 [INFO] PluginManager:217 - loadIPPluginJar : add ipddr
2022-09-20 12:17:55,076 [INFO] IPUIPlugin:79 - create IPUIPlugin
2022-09-20 12:17:55,076 [INFO] PluginManager:217 - loadIPPluginJar : add linkedlist
2022-09-20 12:17:55,091 [INFO] IPUIPlugin:79 - create IPUIPlugin
2022-09-20 12:17:55,091 [INFO] PluginManager:217 - loadIPPluginJar : add lorawan
2022-09-20 12:17:55,091 [INFO] IPUIPlugin:79 - create IPUIPlugin
2022-09-20 12:17:55,091 [INFO] PluginManager:217 - loadIPPluginJar : add ltdc
2022-09-20 12:17:55,091 [INFO] IPUIPlugin:79 - create IPUIPlugin
2022-09-20 12:17:55,091 [INFO] PluginManager:217 - loadIPPluginJar : add mdma
2022-09-20 12:17:55,091 [INFO] IPUIPlugin:79 - create IPUIPlugin
2022-09-20 12:17:55,091 [INFO] PluginManager:217 - loadIPPluginJar : add nvic
2022-09-20 12:17:55,107 [INFO] IPUIPlugin:79 - create IPUIPlugin
2022-09-20 12:17:55,107 [INFO] PluginManager:217 - loadIPPluginJar : add opamp
2022-09-20 12:17:55,107 [INFO] IPUIPlugin:79 - create IPUIPlugin
2022-09-20 12:17:55,107 [INFO] PluginManager:217 - loadIPPluginJar : add openamp
2022-09-20 12:17:55,107 [INFO] IPUIPlugin:79 - create IPUIPlugin
2022-09-20 12:17:55,107 [INFO] PluginManager:217 - loadIPPluginJar : add pdm2pcm
2022-09-20 12:17:55,107 [INFO] IPUIPlugin:79 - create IPUIPlugin
2022-09-20 12:17:55,122 [INFO] PluginManager:217 - loadIPPluginJar : add plateformsettings
2022-09-20 12:17:55,122 [INFO] IPUIPlugin:79 - create IPUIPlugin
2022-09-20 12:17:55,122 [INFO] PluginManager:217 - loadIPPluginJar : add quadspi
2022-09-20 12:17:55,122 [INFO] IPUIPlugin:79 - create IPUIPlugin
2022-09-20 12:17:55,122 [INFO] PluginManager:217 - loadIPPluginJar : add resmgrutility
2022-09-20 12:17:55,122 [INFO] IPUIPlugin:79 - create IPUIPlugin
2022-09-20 12:17:55,122 [INFO] PluginManager:217 - loadIPPluginJar : add sai
2022-09-20 12:17:55,122 [INFO] IPUIPlugin:79 - create IPUIPlugin
2022-09-20 12:17:55,122 [INFO] PluginManager:217 - loadIPPluginJar : add spi
2022-09-20 12:17:55,138 [INFO] IPUIPlugin:79 - create IPUIPlugin
2022-09-20 12:17:55,138 [INFO] PluginManager:217 - loadIPPluginJar : add stm32_wpan
2022-09-20 12:17:55,138 [INFO] IPUIPlugin:79 - create IPUIPlugin
2022-09-20 12:17:55,138 [INFO] PluginManager:217 - loadIPPluginJar : add tim
2022-09-20 12:17:55,138 [INFO] IPUIPlugin:79 - create IPUIPlugin
2022-09-20 12:17:55,138 [INFO] PluginManager:217 - loadIPPluginJar : add touchsensing
2022-09-20 12:17:55,138 [INFO] IPUIPlugin:79 - create IPUIPlugin
2022-09-20 12:17:55,138 [INFO] PluginManager:217 - loadIPPluginJar : add tracer_emb
2022-09-20 12:17:55,138 [INFO] IPUIPlugin:79 - create IPUIPlugin
2022-09-20 12:17:55,138 [INFO] PluginManager:217 - loadIPPluginJar : add ts
2022-09-20 12:17:55,154 [INFO] IPUIPlugin:79 - create IPUIPlugin
2022-09-20 12:17:55,154 [INFO] PluginManager:217 - loadIPPluginJar : add tsc
2022-09-20 12:17:55,154 [INFO] IPUIPlugin:79 - create IPUIPlugin
2022-09-20 12:17:55,154 [INFO] PluginManager:217 - loadIPPluginJar : add ucpd
2022-09-20 12:17:55,154 [INFO] IPUIPlugin:79 - create IPUIPlugin
2022-09-20 12:17:55,154 [INFO] PluginManager:217 - loadIPPluginJar : add usart
2022-09-20 12:17:55,154 [INFO] IPUIPlugin:79 - create IPUIPlugin
2022-09-20 12:17:55,154 [INFO] PluginManager:217 - loadIPPluginJar : add usbx
2022-09-20 12:17:55,550 [FATAL] Updater:301 - Updater called before beeing initialized
2022-09-20 12:17:55,753 [FATAL] Updater:301 - Updater called before beeing initialized
2022-09-20 12:17:55,769 [INFO] DbMcusAds:52 - JSON generation date=Thu Sep 30 08:55:09 CEST 2021 (1632984909247)
2022-09-20 12:17:55,769 [FATAL] Updater:301 - Updater called before beeing initialized
2022-09-20 12:17:55,847 [WARN] DetailPanel:344 - Failed to get advertising image, set to default
2022-09-20 12:17:56,003 [FATAL] Updater:301 - Updater called before beeing initialized
2022-09-20 12:17:56,003 [FATAL] Updater:301 - Updater called before beeing initialized
2022-09-20 12:17:56,003 [FATAL] Updater:301 - Updater called before beeing initialized
2022-09-20 12:17:56,003 [WARN] DetailPanel:344 - Failed to get advertising image, set to default
2022-09-20 12:17:56,003 [FATAL] Updater:301 - Updater called before beeing initialized
2022-09-20 12:17:56,066 [ERROR] Updater:1105 - MainUpdater not yet initialized. External WinMGr cannot be set.
2022-09-20 12:17:56,066 [INFO] Updater:1041 - Updater Version found : 6.6.1
2022-09-20 12:17:56,113 [INFO] ApplicationProperties:181 - Using Application install path: C:\appz\ST\STM32CubeIDE_1.10.1\STM32CubeIDE\plugins\com.st.stm32cube.common.mx_6.6.1.202207061420
2022-09-20 12:17:56,160 [INFO] MainUpdater:516 - Copy updater definitions from MX database
2022-09-20 12:17:56,191 [INFO] MainUpdater:549 - Copy flag file definitions from MX database
2022-09-20 12:17:56,191 [INFO] MainUpdater:565 - Copy thirdparty index definitions from MX database
2022-09-20 12:17:56,206 [INFO] MainUpdater:584 - Copy default thirdparty db definitions from MX database
2022-09-20 12:17:56,300 [INFO] MainUpdater:2768 - connection check result : 10
2022-09-20 12:17:56,316 [INFO] MainUpdater:3453 - Updater definition file requires update
2022-09-20 12:17:56,316 [INFO] MainUpdater:280 - Updater Check For Update Now.
2022-09-20 12:17:56,316 [INFO] MicroXplorer:481 - Change Database Version : DB.6.0.60
2022-09-20 12:17:56,331 [INFO] ServerAccessManage:474 - Download File updaters.zip
2022-09-20 12:17:56,410 [INFO] FileExtend:239 - Unzip File : updaters.zip
2022-09-20 12:17:56,410 [INFO] FileExtend:254 - Standard Zip Deflate
2022-09-20 12:17:56,691 [INFO] ServerAccessManage:474 - Download File PacksControlFlags.xml
2022-09-20 12:17:56,722 [INFO] ServerAccessManage:474 - Download File cubemx.pidx
2022-09-20 12:17:56,831 [INFO] ServerAccessManage:474 - Download File STMicroelectronics.FP-ATR-ASTRA1.pdsc
2022-09-20 12:17:56,878 [INFO] ServerAccessManage:474 - Download File STMicroelectronics.X-CUBE-AI.pdsc
2022-09-20 12:17:57,035 [INFO] ServerAccessManage:474 - Download File STMicroelectronics.X-CUBE-ALS.pdsc
2022-09-20 12:17:57,097 [INFO] ServerAccessManage:474 - Download File STMicroelectronics.X-CUBE-BLE1.pdsc
2022-09-20 12:17:57,238 [ERROR] ServerAccessManage:1090 - Problem, file not found on Server
2022-09-20 12:17:57,253 [INFO] ServerAccessManage:474 - Download File STMicroelectronics.X-CUBE-BLE2.pdsc
2022-09-20 12:17:57,331 [WARN] MainUpdater:1184 - Updater busy. Cannot search thirdparties
2022-09-20 12:17:57,331 [INFO] ThirdPartyUpdaterWithRetryManager:96 - Updater plugin is busy. [1/15]
2022-09-20 12:17:57,378 [INFO] ServerAccessManage:474 - Download File STMicroelectronics.X-CUBE-BLEMGR.pdsc
2022-09-20 12:17:57,410 [INFO] ServerAccessManage:474 - Download File STMicroelectronics.X-CUBE-DISPLAY.pdsc
2022-09-20 12:17:57,488 [INFO] ServerAccessManage:474 - Download File STMicroelectronics.X-CUBE-EEPRMA1.pdsc
2022-09-20 12:17:57,550 [INFO] ServerAccessManage:474 - Download File STMicroelectronics.X-CUBE-GNSS1.pdsc
2022-09-20 12:17:57,660 [ERROR] ServerAccessManage:1090 - Problem, file not found on Server
2022-09-20 12:17:57,675 [ERROR] ServerAccessManage:1090 - Problem, file not found on Server
2022-09-20 12:17:57,691 [ERROR] ServerAccessManage:1090 - Problem, file not found on Server
2022-09-20 12:17:57,691 [ERROR] ServerAccessManage:1090 - Problem, file not found on Server
2022-09-20 12:17:57,816 [ERROR] ServerAccessManage:1090 - Problem, file not found on Server
2022-09-20 12:17:57,925 [ERROR] ServerAccessManage:1090 - Problem, file not found on Server
2022-09-20 12:17:57,925 [INFO] ServerAccessManage:474 - Download File STMicroelectronics.X-CUBE-ISPU.pdsc
2022-09-20 12:17:57,956 [INFO] ServerAccessManage:474 - Download File STMicroelectronics.X-CUBE-MEMS1.pdsc
2022-09-20 12:17:58,253 [INFO] ServerAccessManage:474 - Download File STMicroelectronics.X-CUBE-NFC4.pdsc
2022-09-20 12:17:58,394 [INFO] ServerAccessManage:474 - Download File STMicroelectronics.X-CUBE-NFC7.pdsc
2022-09-20 12:17:58,441 [INFO] ServerAccessManage:474 - Download File STMicroelectronics.X-CUBE-SFXS2LP1.pdsc
2022-09-20 12:17:58,503 [INFO] ServerAccessManage:474 - Download File STMicroelectronics.X-CUBE-SUBG2.pdsc
2022-09-20 12:17:58,628 [INFO] ServerAccessManage:474 - Download File STMicroelectronics.X-CUBE-TOF1.pdsc
2022-09-20 12:17:58,691 [ERROR] ServerAccessManage:1090 - Problem, file not found on Server
2022-09-20 12:17:58,722 [INFO] ServerAccessManage:474 - Download File STMicroelectronics.X-CUBE-TOUCHGFX.pdsc
2022-09-20 12:17:58,863 [INFO] ServerAccessManage:474 - Download File STMicroelectronics.X-CUBE-ALGOBUILD.pdsc
2022-09-20 12:17:58,956 [INFO] ServerAccessManage:474 - Download File STMicroelectronics.X-CUBE-AZRTOS-H7.pdsc
2022-09-20 12:17:59,035 [INFO] ServerAccessManage:474 - Download File STMicroelectronics.X-CUBE-AZRTOS-F4.pdsc
2022-09-20 12:17:59,113 [INFO] ServerAccessManage:474 - Download File STMicroelectronics.X-CUBE-AZRTOS-F7.pdsc
2022-09-20 12:17:59,160 [INFO] ServerAccessManage:474 - Download File STMicroelectronics.X-CUBE-AZRTOS-L4.pdsc
2022-09-20 12:17:59,206 [INFO] ServerAccessManage:474 - Download File STMicroelectronics.X-CUBE-AZRTOS-L5.pdsc
2022-09-20 12:17:59,253 [INFO] ServerAccessManage:474 - Download File STMicroelectronics.X-CUBE-AZRTOS-G0.pdsc
2022-09-20 12:17:59,316 [INFO] ServerAccessManage:474 - Download File STMicroelectronics.X-CUBE-AZRTOS-G4.pdsc
2022-09-20 12:17:59,363 [INFO] ServerAccessManage:474 - Download File STMicroelectronics.X-CUBE-AZRTOS-WL.pdsc
2022-09-20 12:18:00,080 [INFO] ServerAccessManage:474 - Download File wolfSSL.I-CUBE-wolfSSL.pdsc
2022-09-20 12:18:00,346 [WARN] MainUpdater:1184 - Updater busy. Cannot search thirdparties
2022-09-20 12:18:00,346 [INFO] ThirdPartyUpdaterWithRetryManager:96 - Updater plugin is busy. [2/15]
2022-09-20 12:18:02,455 [ERROR] ServerAccessManage:1090 - Problem, file not found on Server
2022-09-20 12:18:02,940 [ERROR] ServerAccessManage:1090 - Problem, file not found on Server
2022-09-20 12:18:03,361 [WARN] MainUpdater:1184 - Updater busy. Cannot search thirdparties
2022-09-20 12:18:03,361 [INFO] ThirdPartyUpdaterWithRetryManager:96 - Updater plugin is busy. [3/15]
2022-09-20 12:18:03,408 [ERROR] ServerAccessManage:1090 - Problem, file not found on Server
2022-09-20 12:18:03,846 [INFO] ServerAccessManage:474 - Download File RoweBots.I-CUBE-UNISONRTOS.pdsc
2022-09-20 12:18:04,549 [ERROR] ServerAccessManage:1090 - Problem, file not found on Server
2022-09-20 12:18:04,971 [ERROR] ServerAccessManage:1090 - Problem, file not found on Server
2022-09-20 12:18:05,393 [ERROR] ServerAccessManage:1090 - Problem, file not found on Server
2022-09-20 12:18:05,908 [ERROR] ServerAccessManage:1090 - Problem, file not found on Server
2022-09-20 12:18:05,986 [INFO] ServerAccessManage:474 - Download File SEGGER.I-CUBE-embOS.pdsc
2022-09-20 12:18:06,174 [INFO] ServerAccessManage:474 - Download File portGmbH.I-Cube-SoM-uGOAL.pdsc
2022-09-20 12:18:06,377 [WARN] MainUpdater:1184 - Updater busy. Cannot search thirdparties
2022-09-20 12:18:06,377 [INFO] ThirdPartyUpdaterWithRetryManager:96 - Updater plugin is busy. [4/15]
2022-09-20 12:18:06,393 [ERROR] ServerAccessManage:1090 - Problem, file not found on Server
2022-09-20 12:18:06,424 [ERROR] ServerAccessManage:1090 - Problem, file not found on Server
2022-09-20 12:18:06,440 [ERROR] ServerAccessManage:1090 - Problem, file not found on Server
2022-09-20 12:18:06,549 [INFO] ServerAccessManage:474 - Download File emotas.I-CUBE-CANOPEN.pdsc
2022-09-20 12:18:06,705 [WARN] CheckServerUpdateThread:148 - Open CheckUpdateFile Fail
2022-09-20 12:18:06,752 [WARN] PackLoader:242 - Cannot read IP mode file for STMicroelectronics.FP-ATR-ASTRA1.1.1.1
2022-09-20 12:18:06,752 [WARN] PackLoader:242 - Cannot read IP mode file for STMicroelectronics.X-CUBE-AI.7.2.0
2022-09-20 12:18:06,768 [WARN] PackLoader:242 - Cannot read IP mode file for STMicroelectronics.X-CUBE-ALS.1.0.1
2022-09-20 12:18:06,783 [WARN] PackLoader:242 - Cannot read IP mode file for STMicroelectronics.X-CUBE-BLE1.6.2.3
2022-09-20 12:18:06,799 [WARN] PackLoader:242 - Cannot read IP mode file for STMicroelectronics.X-CUBE-BLE2.3.3.0
2022-09-20 12:18:06,814 [WARN] PackLoader:242 - Cannot read IP mode file for STMicroelectronics.X-CUBE-BLEMGR.1.0.0
2022-09-20 12:18:06,846 [WARN] PackLoader:242 - Cannot read IP mode file for STMicroelectronics.X-CUBE-DISPLAY.2.2.0
2022-09-20 12:18:06,893 [WARN] PackLoader:242 - Cannot read IP mode file for STMicroelectronics.X-CUBE-EEPRMA1.3.1.1
2022-09-20 12:18:06,893 [WARN] PackLoader:242 - Cannot read IP mode file for STMicroelectronics.X-CUBE-GNSS1.6.0.0
2022-09-20 12:18:06,908 [WARN] PackLoader:242 - Cannot read IP mode file for STMicroelectronics.X-CUBE-ISPU.1.0.0
2022-09-20 12:18:06,955 [INFO] CheckServerUpdateThread:119 - End of CheckServer Thread
2022-09-20 12:18:06,971 [INFO] MainUpdater:2768 - connection check result : 10
2022-09-20 12:18:06,971 [INFO] McuFinderGlobals:57 - Set McuFinderConnectedMode to true
2022-09-20 12:18:07,120 [WARN] PackLoader:242 - Cannot read IP mode file for STMicroelectronics.X-CUBE-MEMS1.9.3.0
2022-09-20 12:18:07,282 [INFO] ServerAccessManage:474 - Download File mcusAds.json._tmp_
2022-09-20 12:18:07,407 [INFO] LoadUrlFilesThread:150 - End of LoadUrlFiles Thread
2022-09-20 12:18:07,469 [WARN] PackLoader:242 - Cannot read IP mode file for STMicroelectronics.X-CUBE-NFC4.2.0.4
2022-09-20 12:18:07,485 [WARN] PackLoader:242 - Cannot read IP mode file for STMicroelectronics.X-CUBE-NFC7.1.0.0
2022-09-20 12:18:07,505 [WARN] PackLoader:242 - Cannot read IP mode file for STMicroelectronics.X-CUBE-SFXS2LP1.4.0.0
2022-09-20 12:18:07,514 [WARN] PackLoader:242 - Cannot read IP mode file for STMicroelectronics.X-CUBE-SUBG2.5.0.0
2022-09-20 12:18:07,561 [WARN] PackLoader:242 - Cannot read IP mode file for STMicroelectronics.X-CUBE-TOF1.3.1.0
2022-09-20 12:18:07,561 [WARN] PackLoader:242 - Cannot read IP mode file for STMicroelectronics.X-CUBE-TOUCHGFX.4.20.0
2022-09-20 12:18:07,576 [INFO] ServerAccessManage:474 - Download File cube-finder-db.zip
2022-09-20 12:18:07,576 [WARN] PackLoader:242 - Cannot read IP mode file for STMicroelectronics.X-CUBE-ALGOBUILD.1.3.0
2022-09-20 12:18:07,623 [WARN] PackLoader:242 - Cannot read IP mode file for STMicroelectronics.X-CUBE-AZRTOS-H7.2.1.0
2022-09-20 12:18:07,686 [WARN] PackLoader:242 - Cannot read IP mode file for STMicroelectronics.X-CUBE-AZRTOS-F4.1.1.0
2022-09-20 12:18:07,732 [WARN] PackLoader:242 - Cannot read IP mode file for STMicroelectronics.X-CUBE-AZRTOS-F7.1.1.0
2022-09-20 12:18:07,826 [WARN] PackLoader:242 - Cannot read IP mode file for STMicroelectronics.X-CUBE-AZRTOS-L4.1.0.0
2022-09-20 12:18:07,889 [WARN] PackLoader:242 - Cannot read IP mode file for STMicroelectronics.X-CUBE-AZRTOS-L5.1.0.0
2022-09-20 12:18:07,904 [WARN] PackLoader:242 - Cannot read IP mode file for STMicroelectronics.X-CUBE-AZRTOS-G0.1.1.0
2022-09-20 12:18:07,936 [WARN] PackLoader:242 - Cannot read IP mode file for STMicroelectronics.X-CUBE-AZRTOS-G4.1.0.0
2022-09-20 12:18:07,951 [WARN] PackLoader:242 - Cannot read IP mode file for STMicroelectronics.X-CUBE-AZRTOS-WL.1.0.0
2022-09-20 12:18:07,967 [WARN] PackLoader:242 - Cannot read IP mode file for wolfSSL.I-CUBE-wolfSSL.5.5.0
2022-09-20 12:18:08,014 [WARN] PackLoader:242 - Cannot read IP mode file for RoweBots.I-CUBE-UNISONRTOS.5.5.0-4
2022-09-20 12:18:08,107 [WARN] PackLoader:242 - Cannot read IP mode file for SEGGER.I-CUBE-embOS.1.2.0
2022-09-20 12:18:08,154 [WARN] PackLoader:242 - Cannot read IP mode file for portGmbH.I-Cube-SoM-uGOAL.1.1.0
2022-09-20 12:18:08,170 [WARN] PackLoader:242 - Cannot read IP mode file for emotas.I-CUBE-CANOPEN.1.1.2
2022-09-20 12:18:08,170 [INFO] PopulateThirdPartyThread:64 - Ending populate Thread
2022-09-20 12:18:08,186 [INFO] ThirdParty:981 - CMSIS Pack Vendor :RoweBots I-CUBE-UNISONRTOS 5.5.0-4
2022-09-20 12:18:08,186 [INFO] ThirdParty:981 - CMSIS Pack Vendor :STMicroelectronics X-CUBE-GNSS1 6.0.0
2022-09-20 12:18:08,186 [INFO] ThirdParty:981 - CMSIS Pack Vendor :STMicroelectronics X-CUBE-AZRTOS-H7 2.1.0
2022-09-20 12:18:08,186 [INFO] ThirdParty:981 - CMSIS Pack Vendor :STMicroelectronics X-CUBE-AZRTOS-F4 1.1.0
2022-09-20 12:18:08,186 [INFO] ThirdParty:981 - CMSIS Pack Vendor :STMicroelectronics X-CUBE-AZRTOS-G4 1.0.0
2022-09-20 12:18:08,186 [INFO] ThirdParty:981 - CMSIS Pack Vendor :STMicroelectronics X-CUBE-AZRTOS-L4 1.0.0
2022-09-20 12:18:08,186 [INFO] ThirdParty:981 - CMSIS Pack Vendor :wolfSSL I-CUBE-wolfSSL 5.5.0
2022-09-20 12:18:08,186 [INFO] ThirdParty:981 - CMSIS Pack Vendor :emotas I-CUBE-CANOPEN 1.1.2
2022-09-20 12:18:08,186 [INFO] ThirdParty:981 - CMSIS Pack Vendor :STMicroelectronics X-CUBE-TOUCHGFX 4.20.0
2022-09-20 12:18:08,186 [INFO] ThirdParty:981 - CMSIS Pack Vendor :STMicroelectronics X-CUBE-NFC7 1.0.0
2022-09-20 12:18:08,186 [INFO] ThirdParty:981 - CMSIS Pack Vendor :STMicroelectronics X-CUBE-BLEMGR 1.0.0
2022-09-20 12:18:08,186 [INFO] ThirdParty:981 - CMSIS Pack Vendor :STMicroelectronics X-CUBE-AZRTOS-WL 1.0.0
2022-09-20 12:18:08,186 [INFO] ThirdParty:981 - CMSIS Pack Vendor :STMicroelectronics X-CUBE-AZRTOS-F7 1.1.0
2022-09-20 12:18:08,186 [INFO] ThirdParty:981 - CMSIS Pack Vendor :STMicroelectronics X-CUBE-ALS 1.0.1
2022-09-20 12:18:08,186 [INFO] ThirdParty:981 - CMSIS Pack Vendor :STMicroelectronics X-CUBE-MEMS1 9.3.0
2022-09-20 12:18:08,186 [INFO] ThirdParty:981 - CMSIS Pack Vendor :portGmbH I-Cube-SoM-uGOAL 1.1.0
2022-09-20 12:18:08,186 [INFO] ThirdParty:981 - CMSIS Pack Vendor :STMicroelectronics X-CUBE-AI 7.2.0
2022-09-20 12:18:08,186 [INFO] ThirdParty:981 - CMSIS Pack Vendor :STMicroelectronics X-CUBE-BLE1 6.2.3
2022-09-20 12:18:08,186 [INFO] ThirdParty:981 - CMSIS Pack Vendor :STMicroelectronics X-CUBE-ALGOBUILD 1.3.0
2022-09-20 12:18:08,186 [INFO] ThirdParty:981 - CMSIS Pack Vendor :STMicroelectronics X-CUBE-AZRTOS-L5 1.0.0
2022-09-20 12:18:08,186 [INFO] ThirdParty:981 - CMSIS Pack Vendor :STMicroelectronics X-CUBE-AZRTOS-G0 1.1.0
2022-09-20 12:18:08,186 [INFO] ThirdParty:981 - CMSIS Pack Vendor :STMicroelectronics X-CUBE-SUBG2 5.0.0
2022-09-20 12:18:08,186 [INFO] ThirdParty:981 - CMSIS Pack Vendor :SEGGER I-CUBE-embOS 1.2.0
2022-09-20 12:18:08,186 [INFO] ThirdParty:981 - CMSIS Pack Vendor :STMicroelectronics X-CUBE-EEPRMA1 3.1.1
2022-09-20 12:18:08,186 [INFO] ThirdParty:981 - CMSIS Pack Vendor :STMicroelectronics X-CUBE-SFXS2LP1 4.0.0
2022-09-20 12:18:08,186 [INFO] ThirdParty:981 - CMSIS Pack Vendor :STMicroelectronics X-CUBE-BLE2 3.3.0
2022-09-20 12:18:08,186 [INFO] ThirdParty:981 - CMSIS Pack Vendor :STMicroelectronics X-CUBE-NFC4 2.0.4
2022-09-20 12:18:08,186 [INFO] ThirdParty:981 - CMSIS Pack Vendor :STMicroelectronics X-CUBE-DISPLAY 2.2.0
2022-09-20 12:18:08,186 [INFO] ThirdParty:981 - CMSIS Pack Vendor :STMicroelectronics FP-ATR-ASTRA1 1.1.1
2022-09-20 12:18:08,186 [INFO] ThirdParty:981 - CMSIS Pack Vendor :STMicroelectronics X-CUBE-ISPU 1.0.0
2022-09-20 12:18:08,186 [INFO] ThirdParty:981 - CMSIS Pack Vendor :STMicroelectronics X-CUBE-TOF1 3.1.0
2022-09-20 12:18:08,186 [INFO] LoadServerUpdatesThread:367 - End of LoadServerUpdate Thread
2022-09-20 12:18:08,404 [INFO] FileExtend:239 - Unzip File : cube-finder-db.zip
2022-09-20 12:18:08,404 [INFO] FileExtend:254 - Standard Zip Deflate
2022-09-20 12:18:09,174 [INFO] LoadUrlFilesThread:150 - End of LoadUrlFiles Thread
2022-09-20 12:18:09,288 [INFO] ServerAccessManage:474 - Download File crdb.zip
2022-09-20 12:18:09,382 [WARN] MainUpdater:1184 - Updater busy. Cannot search thirdparties
2022-09-20 12:18:09,382 [INFO] ThirdPartyUpdaterWithRetryManager:96 - Updater plugin is busy. [5/15]
2022-09-20 12:18:09,398 [INFO] FileExtend:239 - Unzip File : crdb.zip
2022-09-20 12:18:09,398 [INFO] FileExtend:254 - Standard Zip Deflate
2022-09-20 12:18:09,523 [INFO] LoadUrlFilesThread:150 - End of LoadUrlFiles Thread
2022-09-20 12:18:09,579 [INFO] ServerAccessManage:474 - Download File tutoVideoDB.zip
2022-09-20 12:18:09,591 [INFO] FileExtend:239 - Unzip File : tutoVideoDB.zip
2022-09-20 12:18:09,591 [INFO] FileExtend:254 - Standard Zip Deflate
2022-09-20 12:18:09,721 [INFO] LoadUrlFilesThread:150 - End of LoadUrlFiles Thread
2022-09-20 12:18:09,721 [INFO] JxBrowserEngine:106 - Initiate JxBrowser Engine with user profile folder
2022-09-20 12:18:09,986 [ERROR] JxBrowserEngine:59 - Can't initiate JxBrowser engine com.teamdev.jxbrowser.engine.ChromiumBinariesExtractionException: Failed to extract Chromium binaries into C:\Users\xpodan00\.stm32cubemx\.jxbrowser\Chromium
2022-09-20 12:18:09,986 [WARN] DbFile:40 - Overriding database path with different value: C:\Users\xpodan00\.stmcufinder\plugins\mcufinder/ => C:\Users\xpodan00\.stmcufinder\plugins\mcufinder
2022-09-20 12:18:10,036 [INFO] ServerAccessManage:474 - Download File api_config.json
2022-09-20 12:18:10,148 [INFO] LoadUrlFilesThread:150 - End of LoadUrlFiles Thread
2022-09-20 12:18:10,148 [INFO] DbMcusAds:52 - JSON generation date=Thu Sep 30 08:55:09 CEST 2021 (1632984909247)
2022-09-20 12:18:10,227 [INFO] ServerAccessManage:474 - Download File 
2022-09-20 12:18:10,242 [INFO] LoadUrlFilesThread:177 - End of LoadServerUrlFiles without Thread
2022-09-20 12:18:10,242 [INFO] TargetSelectorAdapter:228 - Refresh data is successful
2022-09-20 12:18:10,461 [INFO] ApiDb:576 - Connected to CubeFinder SQLite database (C:\Users\xpodan00\.stmcufinder\plugins\mcufinder\mcu\cube-finder-db.db)
2022-09-20 12:18:10,492 [INFO] ApiDb:663 - CubeFinder database Data Model version=2.1
2022-09-20 12:18:10,492 [INFO] ApiDb:664 - CubeFinder database Configuration version=3.0.32
2022-09-20 12:18:10,492 [INFO] ApiDb:665 - CubeFinder database generation date=2022-08-05 (1659688109)
2022-09-20 12:18:10,492 [INFO] ApiDb:666 - CubeFinder database FW Pack versions=[STM32Cube_FW_C0_V1.0.0, STM32Cube_FW_F4_V1.27.1, STM32Cube_FW_F7_V1.17.0, STM32Cube_FW_G0_V1.6.1, STM32Cube_FW_G4_V1.5.0, STM32Cube_FW_H7_V1.10.0, STM32Cube_FW_L5_V1.4.0, STM32Cube_FW_U5_V1.1.1, STM32Cube_FW_WB_V1.14.1, STM32Cube_FW_WL_V1.2.0, X-CUBE-ALGOBUILD_V1.3.0, X-CUBE-ALS_V1.0.1, X-CUBE-AZRTOS-F4_V1.1.0, X-CUBE-AZRTOS-F7_V1.1.0, X-CUBE-AZRTOS-G0_V1.1.0, X-CUBE-AZRTOS-G4_V1.0.0, X-CUBE-AZRTOS-H7_V2.1.0, X-CUBE-AZRTOS-L4_V1.0.0, X-CUBE-AZRTOS-L5_V1.0.0, X-CUBE-AZRTOS-WL_V1.0.0, X-CUBE-BLE1_V6.2.3, X-CUBE-BLE2_V3.3.0, X-CUBE-EEPRMA1_V3.1.1, X-CUBE-GNSS1_V6.0.0, X-CUBE-MEMS1_V9.1.0, X-CUBE-MEMS1_V9.3.0, X-CUBE-NFC4_V2.0.4, X-CUBE-NFC7_V1.0.0, X-CUBE-SFXS2LP1_V4.0.0, X-CUBE-SUBG2_V5.0.0]
2022-09-20 12:18:12,227 [INFO] ApiDb:239 - Found 138 in-development CPN: [B-WB1M-WPAN1, NUCLEO-C031C6, STEVAL-STWINBX1, STM320518-EVAL, STM32C0116-DK, STM32C011D6Y3TR, STM32C011D6Y6TR, STM32C011F4P3, STM32C011F4P6, STM32C011F4U3, STM32C011F4U6TR, STM32C011F6P3, STM32C011F6P6, STM32C011F6U3, STM32C011F6U6TR, STM32C011J4M3, STM32C011J4M6, STM32C011J6M3, STM32C011J6M6, STM32C0316-DK, STM32C031C4T3, STM32C031C4T6, STM32C031C4U3, STM32C031C4U6, STM32C031C6T3, STM32C031C6T6, STM32C031C6U3, STM32C031C6U6, STM32C031F4P3, STM32C031F4P6, STM32C031F6P3, STM32C031F6P6, STM32C031G4U3, STM32C031G4U6, STM32C031G6U3, STM32C031G6U6, STM32C031K4T3, STM32C031K4T6, STM32C031K4U3, STM32C031K4U6, STM32C031K6T3, STM32C031K6T6, STM32C031K6U3, STM32C031K6U6, STM32G071K8TXN, STM32G071K8UXN, STM32G081GBU6N, STM32G081KBT6N, STM32G081KBUXN, STM32G0B1CCT6N, STM32G0B1KCT6, STM32G0B1NEY6TR, STM32G0B1RCT6N, STM32G0C1CCT6, STM32G0C1CCT6N, STM32G0C1CCU6N, STM32G0C1CET6N, STM32G0C1CEU6N, STM32G0C1KCT6, STM32G0C1NEY6TR, STM32G0C1RCI6N, STM32G0C1RCT6N, STM32G0C1REI6N, STM32G0C1RET6N, STM32G0C1VCI6, STM32G0C1VEI6, STM32G471CCT6, STM32G471CCU6, STM32G471CET3, STM32G471CET6, STM32G471CEU3, STM32G471CEU6, STM32G471MCT6, STM32G471MET3, STM32G471MET6, STM32G471MEY6TR, STM32G471QCT6, STM32G471QET3, STM32G471RCT6, STM32G471RET3, STM32G471RET6, STM32G471VCH6, STM32G471VCI6, STM32G471VCT6, STM32G471VEH3, STM32G471VEH6, STM32G471VEI3, STM32G471VEI6, STM32G471VET3, STM32G471VET6, STM32G474CCT6, STM32L476VGY6PTR, STM32L4R5QGI6STR, STM32MP131AAE3, STM32MP131AAF3, STM32MP131AAG3, STM32MP131CAE3, STM32MP131CAF3, STM32MP131CAG3, STM32MP131DAE7, STM32MP131DAF7, STM32MP131DAG7, STM32MP131FAE7, STM32MP131FAF7, STM32MP131FAG7, STM32MP133AAE3, STM32MP133AAF3, STM32MP133AAG3, STM32MP133CAE3, STM32MP133CAF3, STM32MP133CAG3, STM32MP133DAE7, STM32MP133DAF7, STM32MP133DAG7, STM32MP133FAE7, STM32MP133FAF7, STM32MP133FAG7, STM32MP135AAE3, STM32MP135AAF3, STM32MP135AAG3, STM32MP135CAE3, STM32MP135CAF3, STM32MP135CAG3, STM32MP135DAE7, STM32MP135DAF7, STM32MP135DAG7, STM32MP135F-DK, STM32MP135FAE7, STM32MP135FAF7, STM32MP135FAG7, STM32U595ZJT6Q, STM32U599BJY6QTR, STM32U599NIH6Q, STM32U599NJH6Q, STM32U5A5ZJT6Q, STM32U5A9BJY6QTR, STM32U5A9NJH6Q, STM32WB1MMCH6]
2022-09-20 12:18:12,227 [INFO] DbMcus:215 - Found 3542 MCUs, 3542 are supported
2022-09-20 12:18:12,227 [INFO] ApiDb:409 - User favorites file not found: C:\Users\xpodan00/.stm32cubeide/favorites.mcus.txt
2022-09-20 12:18:12,227 [INFO] DbMcus:221 - Set 0 / 0 favorites MCUs
2022-09-20 12:18:12,242 [INFO] ApiDb:663 - CubeFinder database Data Model version=2.1
2022-09-20 12:18:12,242 [INFO] ApiDb:664 - CubeFinder database Configuration version=3.0.32
2022-09-20 12:18:12,242 [INFO] ApiDb:665 - CubeFinder database generation date=2022-08-05 (1659688109)
2022-09-20 12:18:12,242 [INFO] ApiDb:666 - CubeFinder database FW Pack versions=[STM32Cube_FW_C0_V1.0.0, STM32Cube_FW_F4_V1.27.1, STM32Cube_FW_F7_V1.17.0, STM32Cube_FW_G0_V1.6.1, STM32Cube_FW_G4_V1.5.0, STM32Cube_FW_H7_V1.10.0, STM32Cube_FW_L5_V1.4.0, STM32Cube_FW_U5_V1.1.1, STM32Cube_FW_WB_V1.14.1, STM32Cube_FW_WL_V1.2.0, X-CUBE-ALGOBUILD_V1.3.0, X-CUBE-ALS_V1.0.1, X-CUBE-AZRTOS-F4_V1.1.0, X-CUBE-AZRTOS-F7_V1.1.0, X-CUBE-AZRTOS-G0_V1.1.0, X-CUBE-AZRTOS-G4_V1.0.0, X-CUBE-AZRTOS-H7_V2.1.0, X-CUBE-AZRTOS-L4_V1.0.0, X-CUBE-AZRTOS-L5_V1.0.0, X-CUBE-AZRTOS-WL_V1.0.0, X-CUBE-BLE1_V6.2.3, X-CUBE-BLE2_V3.3.0, X-CUBE-EEPRMA1_V3.1.1, X-CUBE-GNSS1_V6.0.0, X-CUBE-MEMS1_V9.1.0, X-CUBE-MEMS1_V9.3.0, X-CUBE-NFC4_V2.0.4, X-CUBE-NFC7_V1.0.0, X-CUBE-SFXS2LP1_V4.0.0, X-CUBE-SUBG2_V5.0.0]
2022-09-20 12:18:12,320 [INFO] DbBoardsSqlite:227 - include board P-NUCLEO-WB55-NUCLEO as a kit item of type 'Nucleo-64'
2022-09-20 12:18:12,320 [INFO] DbBoardsSqlite:227 - include board P-NUCLEO-WB55-USBDONGLE as a kit item of type 'Nucleo USB Dongle'
2022-09-20 12:18:12,320 [INFO] DbBoardsSqlite:227 - include board STEVAL-IDP005V1 as a kit item of type 'Evaluation Board'
2022-09-20 12:18:12,320 [INFO] DbBoardsSqlite:227 - include board STEVAL-IDP005V2 as a kit item of type 'Evaluation Board'
2022-09-20 12:18:12,320 [INFO] ApiDb:239 - Found 138 in-development CPN: [B-WB1M-WPAN1, NUCLEO-C031C6, STEVAL-STWINBX1, STM320518-EVAL, STM32C0116-DK, STM32C011D6Y3TR, STM32C011D6Y6TR, STM32C011F4P3, STM32C011F4P6, STM32C011F4U3, STM32C011F4U6TR, STM32C011F6P3, STM32C011F6P6, STM32C011F6U3, STM32C011F6U6TR, STM32C011J4M3, STM32C011J4M6, STM32C011J6M3, STM32C011J6M6, STM32C0316-DK, STM32C031C4T3, STM32C031C4T6, STM32C031C4U3, STM32C031C4U6, STM32C031C6T3, STM32C031C6T6, STM32C031C6U3, STM32C031C6U6, STM32C031F4P3, STM32C031F4P6, STM32C031F6P3, STM32C031F6P6, STM32C031G4U3, STM32C031G4U6, STM32C031G6U3, STM32C031G6U6, STM32C031K4T3, STM32C031K4T6, STM32C031K4U3, STM32C031K4U6, STM32C031K6T3, STM32C031K6T6, STM32C031K6U3, STM32C031K6U6, STM32G071K8TXN, STM32G071K8UXN, STM32G081GBU6N, STM32G081KBT6N, STM32G081KBUXN, STM32G0B1CCT6N, STM32G0B1KCT6, STM32G0B1NEY6TR, STM32G0B1RCT6N, STM32G0C1CCT6, STM32G0C1CCT6N, STM32G0C1CCU6N, STM32G0C1CET6N, STM32G0C1CEU6N, STM32G0C1KCT6, STM32G0C1NEY6TR, STM32G0C1RCI6N, STM32G0C1RCT6N, STM32G0C1REI6N, STM32G0C1RET6N, STM32G0C1VCI6, STM32G0C1VEI6, STM32G471CCT6, STM32G471CCU6, STM32G471CET3, STM32G471CET6, STM32G471CEU3, STM32G471CEU6, STM32G471MCT6, STM32G471MET3, STM32G471MET6, STM32G471MEY6TR, STM32G471QCT6, STM32G471QET3, STM32G471RCT6, STM32G471RET3, STM32G471RET6, STM32G471VCH6, STM32G471VCI6, STM32G471VCT6, STM32G471VEH3, STM32G471VEH6, STM32G471VEI3, STM32G471VEI6, STM32G471VET3, STM32G471VET6, STM32G474CCT6, STM32L476VGY6PTR, STM32L4R5QGI6STR, STM32MP131AAE3, STM32MP131AAF3, STM32MP131AAG3, STM32MP131CAE3, STM32MP131CAF3, STM32MP131CAG3, STM32MP131DAE7, STM32MP131DAF7, STM32MP131DAG7, STM32MP131FAE7, STM32MP131FAF7, STM32MP131FAG7, STM32MP133AAE3, STM32MP133AAF3, STM32MP133AAG3, STM32MP133CAE3, STM32MP133CAF3, STM32MP133CAG3, STM32MP133DAE7, STM32MP133DAF7, STM32MP133DAG7, STM32MP133FAE7, STM32MP133FAF7, STM32MP133FAG7, STM32MP135AAE3, STM32MP135AAF3, STM32MP135AAG3, STM32MP135CAE3, STM32MP135CAF3, STM32MP135CAG3, STM32MP135DAE7, STM32MP135DAF7, STM32MP135DAG7, STM32MP135F-DK, STM32MP135FAE7, STM32MP135FAF7, STM32MP135FAG7, STM32U595ZJT6Q, STM32U599BJY6QTR, STM32U599NIH6Q, STM32U599NJH6Q, STM32U5A5ZJT6Q, STM32U5A9BJY6QTR, STM32U5A9NJH6Q, STM32WB1MMCH6]
2022-09-20 12:18:12,508 [INFO] BoardInfo:879 - No configuration file found for board P-NUCLEO-WB55
2022-09-20 12:18:12,508 [INFO] DbBoards:156 - Kit is not supported: P-NUCLEO-WB55
2022-09-20 12:18:12,508 [INFO] BoardInfo:879 - No configuration file found for board STEVAL-BFA001V1B
2022-09-20 12:18:12,508 [INFO] DbBoards:156 - Kit is not supported: STEVAL-BFA001V1B
2022-09-20 12:18:12,508 [INFO] BoardInfo:879 - No configuration file found for board STEVAL-BFA001V2B
2022-09-20 12:18:12,508 [INFO] DbBoards:156 - Kit is not supported: STEVAL-BFA001V2B
2022-09-20 12:18:12,555 [WARN] PackLoader:242 - Cannot read IP mode file for STMicroelectronics.X-CUBE-GNSS1.6.0.0
2022-09-20 12:18:12,570 [WARN] PackLoader:242 - Cannot read IP mode file for STMicroelectronics.X-CUBE-AZRTOS-F4.1.1.0
2022-09-20 12:18:12,586 [WARN] PackLoader:242 - Cannot read IP mode file for STMicroelectronics.X-CUBE-AZRTOS-F7.1.1.0
2022-09-20 12:18:12,602 [WARN] PackLoader:242 - Cannot read IP mode file for STMicroelectronics.X-CUBE-BLE1.6.2.3
2022-09-20 12:18:12,602 [WARN] PackLoader:242 - Cannot read IP mode file for STMicroelectronics.X-CUBE-NFC4.2.0.4
2022-09-20 12:18:12,617 [WARN] PackLoader:242 - Cannot read IP mode file for STMicroelectronics.X-CUBE-TOF1.3.1.0
2022-09-20 12:18:12,617 [WARN] PackLoader:242 - Cannot read IP mode file for wolfSSL.I-CUBE-wolfSSL.5.5.0
2022-09-20 12:18:12,633 [WARN] PackLoader:242 - Cannot read IP mode file for STMicroelectronics.X-CUBE-NFC7.1.0.0
2022-09-20 12:18:12,664 [WARN] PackLoader:242 - Cannot read IP mode file for STMicroelectronics.X-CUBE-MEMS1.9.3.0
2022-09-20 12:18:12,773 [INFO] DbBoards:160 - Found 176 boards, 173 are supported
2022-09-20 12:18:12,852 [WARN] PackLoader:242 - Cannot read IP mode file for STMicroelectronics.X-CUBE-AI.7.2.0
2022-09-20 12:18:12,867 [INFO] ApiDb:409 - User favorites file not found: C:\Users\xpodan00/.stm32cubeide/favorites.boards.txt
2022-09-20 12:18:12,867 [INFO] DbBoards:189 - Set 0 / 0 favorites Boards
2022-09-20 12:18:12,867 [INFO] ApiDb:663 - CubeFinder database Data Model version=2.1
2022-09-20 12:18:12,867 [INFO] ApiDb:664 - CubeFinder database Configuration version=3.0.32
2022-09-20 12:18:12,867 [INFO] ApiDb:665 - CubeFinder database generation date=2022-08-05 (1659688109)
2022-09-20 12:18:12,867 [INFO] ApiDb:666 - CubeFinder database FW Pack versions=[STM32Cube_FW_C0_V1.0.0, STM32Cube_FW_F4_V1.27.1, STM32Cube_FW_F7_V1.17.0, STM32Cube_FW_G0_V1.6.1, STM32Cube_FW_G4_V1.5.0, STM32Cube_FW_H7_V1.10.0, STM32Cube_FW_L5_V1.4.0, STM32Cube_FW_U5_V1.1.1, STM32Cube_FW_WB_V1.14.1, STM32Cube_FW_WL_V1.2.0, X-CUBE-ALGOBUILD_V1.3.0, X-CUBE-ALS_V1.0.1, X-CUBE-AZRTOS-F4_V1.1.0, X-CUBE-AZRTOS-F7_V1.1.0, X-CUBE-AZRTOS-G0_V1.1.0, X-CUBE-AZRTOS-G4_V1.0.0, X-CUBE-AZRTOS-H7_V2.1.0, X-CUBE-AZRTOS-L4_V1.0.0, X-CUBE-AZRTOS-L5_V1.0.0, X-CUBE-AZRTOS-WL_V1.0.0, X-CUBE-BLE1_V6.2.3, X-CUBE-BLE2_V3.3.0, X-CUBE-EEPRMA1_V3.1.1, X-CUBE-GNSS1_V6.0.0, X-CUBE-MEMS1_V9.1.0, X-CUBE-MEMS1_V9.3.0, X-CUBE-NFC4_V2.0.4, X-CUBE-NFC7_V1.0.0, X-CUBE-SFXS2LP1_V4.0.0, X-CUBE-SUBG2_V5.0.0]
2022-09-20 12:18:12,867 [WARN] PackLoader:242 - Cannot read IP mode file for STMicroelectronics.X-CUBE-SFXS2LP1.4.0.0
2022-09-20 12:18:12,867 [WARN] PackLoader:242 - Cannot read IP mode file for STMicroelectronics.X-CUBE-BLE2.3.3.0
2022-09-20 12:18:12,898 [WARN] PackLoader:242 - Cannot read IP mode file for STMicroelectronics.X-CUBE-DISPLAY.2.2.0
2022-09-20 12:18:12,898 [WARN] PackLoader:242 - Cannot read IP mode file for STMicroelectronics.X-CUBE-ISPU.1.0.0
2022-09-20 12:18:12,914 [WARN] PackLoader:242 - Cannot read IP mode file for RoweBots.I-CUBE-UNISONRTOS.5.5.0-4
2022-09-20 12:18:12,945 [WARN] PackLoader:242 - Cannot read IP mode file for STMicroelectronics.X-CUBE-AZRTOS-H7.2.1.0
2022-09-20 12:18:12,961 [WARN] PackLoader:242 - Cannot read IP mode file for STMicroelectronics.X-CUBE-BLEMGR.1.0.0
2022-09-20 12:18:12,977 [WARN] PackLoader:242 - Cannot read IP mode file for STMicroelectronics.X-CUBE-ALGOBUILD.1.3.0
2022-09-20 12:18:12,992 [WARN] PackLoader:242 - Cannot read IP mode file for STMicroelectronics.X-CUBE-AZRTOS-G0.1.1.0
2022-09-20 12:18:13,008 [WARN] PackLoader:242 - Cannot read IP mode file for STMicroelectronics.X-CUBE-SUBG2.5.0.0
2022-09-20 12:18:13,180 [WARN] PackLoader:242 - Cannot read IP mode file for SEGGER.I-CUBE-embOS.1.2.0
2022-09-20 12:18:13,211 [WARN] PackLoader:242 - Cannot read IP mode file for STMicroelectronics.FP-ATR-ASTRA1.1.1.1
2022-09-20 12:18:13,227 [WARN] PackLoader:242 - Cannot read IP mode file for STMicroelectronics.X-CUBE-AZRTOS-G4.1.0.0
2022-09-20 12:18:13,242 [WARN] PackLoader:242 - Cannot read IP mode file for STMicroelectronics.X-CUBE-AZRTOS-L4.1.0.0
2022-09-20 12:18:13,242 [WARN] PackLoader:242 - Cannot read IP mode file for emotas.I-CUBE-CANOPEN.1.1.2
2022-09-20 12:18:13,258 [WARN] PackLoader:242 - Cannot read IP mode file for STMicroelectronics.X-CUBE-TOUCHGFX.4.20.0
2022-09-20 12:18:13,320 [WARN] PackLoader:242 - Cannot read IP mode file for STMicroelectronics.X-CUBE-AZRTOS-WL.1.0.0
2022-09-20 12:18:13,383 [WARN] PackLoader:242 - Cannot read IP mode file for portGmbH.I-Cube-SoM-uGOAL.1.1.0
2022-09-20 12:18:13,383 [WARN] PackLoader:242 - Cannot read IP mode file for STMicroelectronics.X-CUBE-ALS.1.0.1
2022-09-20 12:18:13,430 [WARN] PackLoader:242 - Cannot read IP mode file for STMicroelectronics.X-CUBE-AZRTOS-L5.1.0.0
2022-09-20 12:18:13,430 [WARN] PackLoader:242 - Cannot read IP mode file for STMicroelectronics.X-CUBE-EEPRMA1.3.1.1
2022-09-20 12:18:13,430 [INFO] ThirdParty:929 - Integrity check success = true
2022-09-20 12:18:13,430 [INFO] IntegrityCheckThread:98 - exiting critical section [integrity check]
2022-09-20 12:18:13,430 [INFO] IntegrityCheckThread:101 - End integrity checks thread
2022-09-20 12:18:14,055 [INFO] DbExamplesSqlite:374 - Ignored 31 examples not supported by CubeIDE
2022-09-20 12:18:14,055 [INFO] DbExamplesSqlite:375 - Found 6197 examples active
2022-09-20 12:18:14,055 [INFO] DbExamplesSqlite:376 - Found 89 examples obsolete
2022-09-20 12:18:14,055 [INFO] DbExamplesSqlite:377 - Found 0 examples under development
2022-09-20 12:18:14,055 [INFO] DbExamplesSqlite:378 - Found 76 examples not building
2022-09-20 12:18:14,055 [INFO] DbExamples:124 - Found 6242 examples
2022-09-20 12:18:14,070 [INFO] DbExamples:221 - Found 77 boards with related examples
2022-09-20 12:18:14,070 [INFO] DbExamples:234 - Found 64 MCUs with related examples
2022-09-20 12:18:14,102 [INFO] ApiDb:409 - User favorites file not found: C:\Users\xpodan00/.stm32cubeide/favorites.examples.txt
2022-09-20 12:18:14,102 [INFO] DbExamples:249 - Set 0 / 0 favorites Examples
2022-09-20 12:18:14,309 [INFO] McuFinderGlobals:57 - Set McuFinderConnectedMode to true
2022-09-20 12:18:14,325 [INFO] MultiScanPanel:195 - Auto-refresh data requested => check proxy status ongoing
2022-09-20 12:18:14,325 [INFO] FinderPluginLoader:92 - Searching for filters in installed packs
2022-09-20 12:18:16,231 [INFO] LoadUrlFilesThread:177 - End of LoadServerUrlFiles without Thread
2022-09-20 12:18:16,231 [INFO] DetailPanel:339 - Set advertising image to C:\Temp\221344\MPC-MKS\en.Prom_NBSTM32U50921.jpg
2022-09-20 12:18:24,939 [INFO] MultiScanPanel:195 - Auto-refresh data requested => check proxy status ongoing
2022-09-20 12:18:25,080 [INFO] LoadUrlFilesThread:177 - End of LoadServerUrlFiles without Thread
2022-09-20 12:18:25,095 [INFO] DetailPanel:339 - Set advertising image to C:\Temp\221344\MPC-MKS\en.Prom_NBSTM32U50921.jpg
2022-09-20 12:18:25,095 [INFO] DbBoards:628 - Loading board mini-images...
2022-09-20 12:18:25,236 [ERROR] DbBoards:648 - No image file defined for board B-WB1M-WPAN1
2022-09-20 12:18:25,236 [ERROR] DbBoards:648 - No image file defined for board NUCLEO-C031C6
2022-09-20 12:18:26,408 [ERROR] DbBoards:648 - No image file defined for board STEVAL-STWINBX1
2022-09-20 12:18:26,455 [ERROR] DbBoards:648 - No image file defined for board STM32091C-EVAL
2022-09-20 12:18:26,455 [ERROR] DbBoards:648 - No image file defined for board STM32100E-EVAL
2022-09-20 12:18:26,455 [ERROR] DbBoards:648 - No image file defined for board STM3210C-EVAL
2022-09-20 12:18:26,470 [ERROR] DbBoards:648 - No image file defined for board STM3221G-EVAL
2022-09-20 12:18:26,470 [ERROR] DbBoards:648 - No image file defined for board STM32303C-EVAL
2022-09-20 12:18:26,564 [ERROR] DbBoards:648 - No image file defined for board STM32479I-EVAL
2022-09-20 12:18:26,564 [ERROR] DbBoards:648 - No image file defined for board STM32746G-EVAL2
2022-09-20 12:18:26,564 [ERROR] DbBoards:648 - No image file defined for board STM32C0116-DK
2022-09-20 12:18:26,564 [ERROR] DbBoards:648 - No image file defined for board STM32C0316-DK
2022-09-20 12:18:26,611 [ERROR] DbBoards:648 - No image file defined for board STM32F401C-DISCO
2022-09-20 12:18:26,673 [ERROR] DbBoards:648 - No image file defined for board STM32F7308-DK
2022-09-20 12:18:26,720 [ERROR] DbBoards:648 - No image file defined for board STM32F779I-EVAL
2022-09-20 12:18:26,892 [ERROR] DbBoards:648 - No image file defined for board STM32H747I-EVAL
2022-09-20 12:18:26,939 [ERROR] DbBoards:648 - No image file defined for board STM32L-DISCOVERY
2022-09-20 12:18:26,970 [ERROR] DbBoards:648 - No image file defined for board STM32L152D-EVAL
2022-09-20 12:18:27,111 [ERROR] DbBoards:648 - No image file defined for board STM32MP135F-DK
2022-09-20 12:18:27,330 [INFO] DbBoards:651 - Loaded 157 board mini-images
2022-09-20 12:19:25,327 [INFO] McuFinderGlobals:57 - Set McuFinderConnectedMode to true
2022-09-20 12:19:25,327 [INFO] ApiDb:443 - Save user favorites file C:\Users\xpodan00/.stm32cubeide/favorites.mcus.txt: 0 item(s)
2022-09-20 12:19:25,327 [INFO] ApiDb:447 - User favorites MCUs=[]
2022-09-20 12:19:25,327 [INFO] ApiDb:443 - Save user favorites file C:\Users\xpodan00/.stm32cubeide/favorites.boards.txt: 0 item(s)
2022-09-20 12:19:25,327 [INFO] ApiDb:447 - User favorites Boards=[]
